INFO:app:App starting...
INFO:apscheduler.scheduler:Adding job tentatively -- it will be properly scheduled when the scheduler starts
INFO:apscheduler.scheduler:Adding job tentatively -- it will be properly scheduled when the scheduler starts
INFO:apscheduler.scheduler:Added job "publish_scheduled_posts" to job store "default"
INFO:apscheduler.scheduler:Added job "snapshot_community_analytics" to job store "default"
INFO:apscheduler.scheduler:Scheduler started
INFO:app:App starting...
INFO:apscheduler.scheduler:Adding job tentatively -- it will be properly scheduled when the scheduler starts
INFO:apscheduler.scheduler:Adding job tentatively -- it will be properly scheduled when the scheduler starts
INFO:apscheduler.scheduler:Added job "publish_scheduled_posts" to job store "default"
INFO:apscheduler.scheduler:Added job "snapshot_community_analytics" to job store "default"
INFO:apscheduler.scheduler:Scheduler started
INFO:app:App starting...
INFO:apscheduler.scheduler:Adding job tentatively -- it will be properly scheduled when the scheduler starts
INFO:apscheduler.scheduler:Adding job tentatively -- it will be properly scheduled when the scheduler starts
INFO:apscheduler.scheduler:Added job "publish_scheduled_posts" to job store "default"
INFO:apscheduler.scheduler:Added job "snapshot_community_analytics" to job store "default"
INFO:apscheduler.scheduler:Scheduler started
INFO:app:App starting...
INFO:apscheduler.scheduler:Adding job tentatively -- it will be properly scheduled when the scheduler starts
INFO:apscheduler.scheduler:Adding job tentatively -- it will be properly scheduled when the scheduler starts
INFO:apscheduler.scheduler:Added job "publish_scheduled_posts" to job store "default"
INFO:apscheduler.scheduler:Added job "snapshot_community_analytics" to job store "default"
INFO:apscheduler.scheduler:Scheduler started
INFO:app:App starting...
INFO:apscheduler.scheduler:Adding job tentatively -- it will be properly scheduled when the scheduler starts
INFO:apscheduler.scheduler:Adding job tentatively -- it will be properly scheduled when the scheduler starts
INFO:apscheduler.scheduler:Added job "publish_scheduled_posts" to job store "default"
INFO:apscheduler.scheduler:Added job "snapshot_community_analytics" to job store "default"
INFO:apscheduler.scheduler:Scheduler started
INFO:app:App starting...
INFO:apscheduler.scheduler:Adding job tentatively -- it will be properly scheduled when the scheduler starts
INFO:apscheduler.scheduler:Adding job tentatively -- it will be properly scheduled when the scheduler starts
INFO:apscheduler.scheduler:Added job "publish_scheduled_posts" to job store "default"
INFO:apscheduler.scheduler:Added job "snapshot_community_analytics" to job store "default"
INFO:apscheduler.scheduler:Scheduler started
INFO:apscheduler.scheduler:Scheduler has been shut down
INFO:apscheduler.scheduler:Scheduler has been shut down
INFO:apscheduler.scheduler:Scheduler has been shut down
INFO:apscheduler.scheduler:Scheduler has been shut down
INFO:apscheduler.scheduler:Scheduler has been shut down
INFO:apscheduler.scheduler:Scheduler has been shut down
INFO:app:App starting...
INFO:apscheduler.scheduler:Adding job tentatively -- it will be properly scheduled when the scheduler starts
INFO:apscheduler.scheduler:Adding job tentatively -- it will be properly scheduled when the scheduler starts
INFO:apscheduler.scheduler:Added job "publish_scheduled_posts" to job store "default"
INFO:apscheduler.scheduler:Added job "snapshot_community_analytics" to job store "default"
INFO:apscheduler.scheduler:Scheduler started
INFO:app:App starting...
INFO:apscheduler.scheduler:Adding job tentatively -- it will be properly scheduled when the scheduler starts
INFO:apscheduler.scheduler:Adding job tentatively -- it will be properly scheduled when the scheduler starts
INFO:apscheduler.scheduler:Added job "publish_scheduled_posts" to job store "default"
INFO:apscheduler.scheduler:Added job "snapshot_community_analytics" to job store "default"
INFO:apscheduler.scheduler:Scheduler started
INFO:app:App starting...
INFO:apscheduler.scheduler:Adding job tentatively -- it will be properly scheduled when the scheduler starts
INFO:apscheduler.scheduler:Adding job tentatively -- it will be properly scheduled when the scheduler starts
INFO:apscheduler.scheduler:Added job "publish_scheduled_posts" to job store "default"
INFO:apscheduler.scheduler:Added job "snapshot_community_analytics" to job store "default"
INFO:apscheduler.scheduler:Scheduler started
INFO:app:App starting...
INFO:apscheduler.scheduler:Adding job tentatively -- it will be properly scheduled when the scheduler starts
INFO:apscheduler.scheduler:Adding job tentatively -- it will be properly scheduled when the scheduler starts
INFO:apscheduler.scheduler:Added job "publish_scheduled_posts" to job store "default"
INFO:apscheduler.scheduler:Added job "snapshot_community_analytics" to job store "default"
INFO:apscheduler.scheduler:Scheduler started
INFO:app:App starting...
INFO:apscheduler.scheduler:Adding job tentatively -- it will be properly scheduled when the scheduler starts
INFO:apscheduler.scheduler:Adding job tentatively -- it will be properly scheduled when the scheduler starts
INFO:apscheduler.scheduler:Added job "publish_scheduled_posts" to job store "default"
INFO:apscheduler.scheduler:Added job "snapshot_community_analytics" to job store "default"
INFO:apscheduler.scheduler:Scheduler started
INFO:app:App starting...
INFO:apscheduler.scheduler:Adding job tentatively -- it will be properly scheduled when the scheduler starts
INFO:apscheduler.scheduler:Adding job tentatively -- it will be properly scheduled when the scheduler starts
INFO:apscheduler.scheduler:Added job "publish_scheduled_posts" to job store "default"
INFO:apscheduler.scheduler:Added job "snapshot_community_analytics" to job store "default"
INFO:apscheduler.scheduler:Scheduler started
INFO:apscheduler.scheduler:Scheduler has been shut down
INFO:apscheduler.scheduler:Scheduler has been shut down
INFO:apscheduler.scheduler:Scheduler has been shut down
INFO:apscheduler.scheduler:Scheduler has been shut down
INFO:apscheduler.scheduler:Scheduler has been shut down
INFO:apscheduler.scheduler:Scheduler has been shut down
INFO:app:App starting...
INFO:apscheduler.scheduler:Adding job tentatively -- it will be properly scheduled when the scheduler starts
INFO:apscheduler.scheduler:Adding job tentatively -- it will be properly scheduled when the scheduler starts
INFO:apscheduler.scheduler:Added job "publish_scheduled_posts" to job store "default"
INFO:apscheduler.scheduler:Added job "snapshot_community_analytics" to job store "default"
INFO:apscheduler.scheduler:Scheduler started
INFO:app:App starting...
INFO:apscheduler.scheduler:Adding job tentatively -- it will be properly scheduled when the scheduler starts
INFO:apscheduler.scheduler:Adding job tentatively -- it will be properly scheduled when the scheduler starts
INFO:apscheduler.scheduler:Added job "publish_scheduled_posts" to job store "default"
INFO:apscheduler.scheduler:Added job "snapshot_community_analytics" to job store "default"
INFO:apscheduler.scheduler:Scheduler started
INFO:apscheduler.scheduler:Scheduler has been shut down
INFO:apscheduler.scheduler:Scheduler has been shut down
